##
## This is a sample menu.lst file for gumboot.
##

splashimage (sd0)/gumboot/splash.ppm

color red/blue green/black white/blue white/blue
#color blue/green green/black white/magenta white/magenta

timeout 15

# default is poweroff
default 3

title wii-linux-ngx\nOpen default boot menu
	root (sd0)/bootmii
	kernel /zImage
	## will save as default if user selects it
	savedefault
	## 'boot' is always implicit, but must be the last line of a menu entry
	boot

title Find zImage\nBoot zImage where it can be found
	find --set-root /zImage
	kernel /zImage
	boot

title Reboot
	reboot

title Poweroff
	# 'halt' can also be used
	poweroff
